Arguments: 
  /Users/kianzyk/.nvm/versions/node/v16.5.0/bin/node /usr/local/bin/yarn add @lerna-test-cool/package --scope=@lerna-test-cool/init

PATH: 
  /Users/kianzyk/.nvm/versions/node/v16.5.0/bin:/usr/local/bin:/usr/bin:/bin:/usr/sbin:/sbin:/Users/kianzyk/Downloads/allure-2.13.8/bin:/Library/Apple/usr/bin

Yarn version: 
  1.22.4

Node version: 
  16.5.0

Platform: 
  darwin x64

Trace: 
  Error: https://registry.npmjs.org/@lerna-test-cool%2fcommand: Not found
      at Request.params.callback [as _callback] (/usr/local/lib/node_modules/yarn/lib/cli.js:66987:18)
      at Request.self.callback (/usr/local/lib/node_modules/yarn/lib/cli.js:140748:22)
      at Request.emit (node:events:394:28)
      at Request.<anonymous> (/usr/local/lib/node_modules/yarn/lib/cli.js:141720:10)
      at Request.emit (node:events:394:28)
      at IncomingMessage.<anonymous> (/usr/local/lib/node_modules/yarn/lib/cli.js:141642:12)
      at Object.onceWrapper (node:events:513:28)
      at IncomingMessage.emit (node:events:406:35)
      at endReadableNT (node:internal/streams/readable:1331:12)
      at processTicksAndRejections (node:internal/process/task_queues:83:21)

npm manifest: 
  {
    "name": "@lerna-test-cool/init",
    "version": "0.1.4",
    "description": "> TODO: description",
    "author": "祝云开 <kianzyk@gmail.com>",
    "homepage": "https://github.com/ykzhukian/lerna-test#readme",
    "license": "ISC",
    "main": "lib/index.js",
    "directories": {
      "lib": "lib",
      "test": "__tests__"
    },
    "files": [
      "lib"
    ],
    "publishConfig": {
      "access": "public"
    },
    "repository": {
      "type": "git",
      "url": "git+https://github.com/ykzhukian/lerna-test.git"
    },
    "scripts": {
      "test": "echo \"Error: run tests from root\" && exit 1"
    },
    "bugs": {
      "url": "https://github.com/ykzhukian/lerna-test/issues"
    },
    "dependencies": {
      "@lerna-test-cool/command": "^0.1.4",
      "@lerna-test-cool/package": "^0.1.4",
      "@lerna-test-cool/log": "^0.1.3",
      "axios": "^0.24.0",
      "fs-extra": "^10.0.0",
      "inquirer": "^8.2.0"
    }
  }

yarn manifest: 
  No manifest

Lockfile: 
  No lockfile
